Using pre-set license
Built from '2020.3/staging' branch; Version is '2020.3.25f1 (9b9180224418) revision 10195328'; Using compiler version '192528614'; Build Type 'Release'
OS: 'Windows 10  (10.0.19043) 64bit Core' Language: 'en' Physical Memory: 8134 MB
BatchMode: 1, IsHumanControllingUs: 0, StartBugReporterOnCrash: 0, Is64bit: 1, IsPro: 0

COMMAND LINE ARGUMENTS:
C:\Program Files\Unity\Hub\Editor\Unity 2020.3.25f1\Editor\Unity.exe
-adb2
-batchMode
-noUpm
-name
AssetImportWorker0
-projectPath
C:/Users/Tim/Documents/GitHub/Polish-Builds-Testing2
-logFile
Logs/AssetImportWorker0.log
-srvPort
60456
Successfully changed project path to: C:/Users/Tim/Documents/GitHub/Polish-Builds-Testing2
C:/Users/Tim/Documents/GitHub/Polish-Builds-Testing2
Using Asset Import Pipeline V2.
Refreshing native plugins compatible for Editor in 49.54 ms, found 3 plugins.
Preloading 0 native plugins for Editor in 0.00 ms.
Initialize engine version: 2020.3.25f1 (9b9180224418)
[Subsystems] Discovering subsystems at path C:/Program Files/Unity/Hub/Editor/Unity 2020.3.25f1/Editor/Data/Resources/UnitySubsystems
[Subsystems] Discovering subsystems at path C:/Users/Tim/Documents/GitHub/Polish-Builds-Testing2/Assets
GfxDevice: creating device client; threaded=0
Direct3D:
    Version:  Direct3D 11.0 [level 11.1]
    Renderer: NVIDIA GeForce GTX 1060 6GB (ID=0x1c03)
    Vendor:   
    VRAM:     6052 MB
    Driver:   30.0.15.1259
Initialize mono
Mono path[0] = 'C:/Program Files/Unity/Hub/Editor/Unity 2020.3.25f1/Editor/Data/Managed'
Mono path[1] = 'C:/Program Files/Unity/Hub/Editor/Unity 2020.3.25f1/Editor/Data/MonoBleedingEdge/lib/mono/unityjit'
Mono config path = 'C:/Program Files/Unity/Hub/Editor/Unity 2020.3.25f1/Editor/Data/MonoBleedingEdge/etc'
Using monoOptions --debugger-agent=transport=dt_socket,embedding=1,server=y,suspend=n,address=127.0.0.1:56152
Begin MonoManager ReloadAssembly
Registering precompiled unity dll's ...
Register platform support module: C:/Program Files/Unity/Hub/Editor/Unity 2020.3.25f1/Editor/Data/PlaybackEngines/WindowsStandaloneSupport/UnityEditor.WindowsStandalone.Extensions.dll
Registered in 0.004332 seconds.
Native extension for WindowsStandalone target not found
Refreshing native plugins compatible for Editor in 45.72 ms, found 3 plugins.
Preloading 0 native plugins for Editor in 0.00 ms.
Mono: successfully reloaded assembly
- Completed reload, in  0.713 seconds
Domain Reload Profiling:
	ReloadAssembly (713ms)
		BeginReloadAssembly (77ms)
			ExecutionOrderSort (0ms)
			DisableScriptedObjects (0ms)
			BackupInstance (0ms)
			ReleaseScriptingObjects (0ms)
			CreateAndSetChildDomain (1ms)
		EndReloadAssembly (538ms)
			LoadAssemblies (73ms)
			RebuildTransferFunctionScriptingTraits (0ms)
			SetupTypeCache (173ms)
			ReleaseScriptCaches (0ms)
			RebuildScriptCaches (39ms)
			SetupLoadedEditorAssemblies (197ms)
				LogAssemblyErrors (0ms)
				InitializePlatformSupportModulesInManaged (6ms)
				SetLoadedEditorAssemblies (0ms)
				RefreshPlugins (46ms)
				BeforeProcessingInitializeOnLoad (19ms)
				ProcessInitializeOnLoadAttributes (94ms)
				ProcessInitializeOnLoadMethodAttributes (31ms)
				AfterProcessingInitializeOnLoad (0ms)
				EditorAssembliesLoaded (0ms)
			ExecutionOrderSort2 (0ms)
			AwakeInstancesAfterBackupRestoration (0ms)
Platform modules already initialized, skipping
Registering precompiled user dll's ...
Registered in 0.009770 seconds.
Begin MonoManager ReloadAssembly
Native extension for WindowsStandalone target not found
Refreshing native plugins compatible for Editor in 45.15 ms, found 3 plugins.
Preloading 0 native plugins for Editor in 0.00 ms.
Mono: successfully reloaded assembly
- Completed reload, in  1.385 seconds
Domain Reload Profiling:
	ReloadAssembly (1387ms)
		BeginReloadAssembly (180ms)
			ExecutionOrderSort (0ms)
			DisableScriptedObjects (6ms)
			BackupInstance (0ms)
			ReleaseScriptingObjects (0ms)
			CreateAndSetChildDomain (23ms)
		EndReloadAssembly (1125ms)
			LoadAssemblies (129ms)
			RebuildTransferFunctionScriptingTraits (0ms)
			SetupTypeCache (355ms)
			ReleaseScriptCaches (1ms)
			RebuildScriptCaches (60ms)
			SetupLoadedEditorAssemblies (442ms)
				LogAssemblyErrors (0ms)
				InitializePlatformSupportModulesInManaged (5ms)
				SetLoadedEditorAssemblies (0ms)
				RefreshPlugins (45ms)
				BeforeProcessingInitializeOnLoad (116ms)
				ProcessInitializeOnLoadAttributes (239ms)
				ProcessInitializeOnLoadMethodAttributes (21ms)
				AfterProcessingInitializeOnLoad (15ms)
				EditorAssembliesLoaded (0ms)
			ExecutionOrderSort2 (0ms)
			AwakeInstancesAfterBackupRestoration (8ms)
Platform modules already initialized, skipping
========================================================================
Worker process is ready to serve import requests
Launched and connected shader compiler UnityShaderCompiler.exe after 0.06 seconds
Refreshing native plugins compatible for Editor in 0.58 ms, found 3 plugins.
Preloading 0 native plugins for Editor in 0.00 ms.
Unloading 2199 Unused Serialized files (Serialized files now loaded: 0)
System memory in use before: 96.0 MB.
System memory in use after: 96.1 MB.

Unloading 28 unused Assets to reduce memory usage. Loaded Objects now: 2632.
Total: 3.248500 ms (FindLiveObjects: 0.227500 ms CreateObjectMapping: 0.087000 ms MarkObjects: 2.845800 ms  DeleteObjects: 0.076200 ms)

AssetImportParameters requested are different than current active one (requested -> active):
  custom:framework-win-MediaFoundation: 216162199b28c13a410421893ffa2e32 -> 
  custom:video-decoder-ogg-theora: a1e56fd34408186e4bbccfd4996cb3dc -> 
  custom:container-muxer-webm: aa71ff27fc2769a1b78a27578f13a17b -> 
  custom:container-demuxer-webm: 4f35f7cbe854078d1ac9338744f61a02 -> 
  custom:container-demuxer-ogg: 62fdf1f143b41e24485cea50d1cbac27 -> 
  custom:video-encoder-webm-vp8: eb34c28f22e8b96e1ab97ce403110664 -> 
  custom:video-codec-MediaFoundation-h265: 746d11721c4dcdbdad8f713fa42b33f4 -> 
  custom:video-decoder-webm-vp8: 9c59270c3fd7afecdb556c50c9e8de78 -> 
  custom:audio-decoder-ogg-vorbis: bf7c407c2cedff20999df2af8eb42d56 -> 
  custom:audio-encoder-webm-vorbis: bf7c407c2cedff20999df2af8eb42d56 -> 
========================================================================
Received Import Request.
  path: Assets/Masteroids
  artifactKey: Guid(6b22a11f546bd78429048a8f17174abd) Importer(815301076,1909f56bfc062723c751e8b465ee728b)
Start importing Assets/Masteroids using Guid(6b22a11f546bd78429048a8f17174abd) Importer(815301076,1909f56bfc062723c751e8b465ee728b)  -> (artifact id: '40e4bcf368fb3ea8f74073798b0b338b') in 0.012094 seconds 
  Import took 0.015851 seconds .

========================================================================
Received Import Request.
  Time since last request: 0.000269 seconds.
  path: Assets/Masteroids/Game/Scripts
  artifactKey: Guid(e05f99d8a8034ad4d843a955f4b21263) Importer(815301076,1909f56bfc062723c751e8b465ee728b)
Start importing Assets/Masteroids/Game/Scripts using Guid(e05f99d8a8034ad4d843a955f4b21263) Importer(815301076,1909f56bfc062723c751e8b465ee728b)  -> (artifact id: '695cfb86da10d3c9ab14f1aa42c3c92d') in 0.008982 seconds 
  Import took 0.012847 seconds .

========================================================================
Received Import Request.
  Time since last request: 0.000262 seconds.
  path: Assets/Masteroids/Game
  artifactKey: Guid(dccc7fc773ec388459c28e5bd54d9409) Importer(815301076,1909f56bfc062723c751e8b465ee728b)
Start importing Assets/Masteroids/Game using Guid(dccc7fc773ec388459c28e5bd54d9409) Importer(815301076,1909f56bfc062723c751e8b465ee728b)  -> (artifact id: 'e267110e7a47beb37e76f4371270e435') in 0.010283 seconds 
  Import took 0.014765 seconds .

========================================================================
Received Import Request.
  Time since last request: 8.605838 seconds.
  path: Assets/Masteroids/Game/Scenes
  artifactKey: Guid(7d705a97eaa18944ead5c091011f7cb3) Importer(815301076,1909f56bfc062723c751e8b465ee728b)
Start importing Assets/Masteroids/Game/Scenes using Guid(7d705a97eaa18944ead5c091011f7cb3) Importer(815301076,1909f56bfc062723c751e8b465ee728b)  -> (artifact id: '9c9a1d2fe2816c990e7fd9afd8aad56a') in 0.010560 seconds 
  Import took 0.015627 seconds .

========================================================================
Received Import Request.
  Time since last request: 0.595047 seconds.
  path: Assets/Masteroids/Game/Scenes/SampleScene.unity
  artifactKey: Guid(2cda990e2423bbf4892e6590ba056729) Importer(815301076,1909f56bfc062723c751e8b465ee728b)
Start importing Assets/Masteroids/Game/Scenes/SampleScene.unity using Guid(2cda990e2423bbf4892e6590ba056729) Importer(815301076,1909f56bfc062723c751e8b465ee728b)  -> (artifact id: '8ab73b76b516a3c326e9a0f83bdd1132') in 0.023155 seconds 
  Import took 0.027871 seconds .

========================================================================
Received Prepare
Registering precompiled user dll's ...
Registered in 0.011247 seconds.
Begin MonoManager ReloadAssembly
Native extension for WindowsStandalone target not found
Refreshing native plugins compatible for Editor in 0.63 ms, found 3 plugins.
Preloading 0 native plugins for Editor in 0.00 ms.
Mono: successfully reloaded assembly
- Completed reload, in  3.346 seconds
Domain Reload Profiling:
	ReloadAssembly (3347ms)
		BeginReloadAssembly (1527ms)
			ExecutionOrderSort (0ms)
			DisableScriptedObjects (10ms)
			BackupInstance (0ms)
			ReleaseScriptingObjects (0ms)
			CreateAndSetChildDomain (949ms)
		EndReloadAssembly (1278ms)
			LoadAssemblies (454ms)
			RebuildTransferFunctionScriptingTraits (0ms)
			SetupTypeCache (447ms)
			ReleaseScriptCaches (2ms)
			RebuildScriptCaches (127ms)
			SetupLoadedEditorAssemblies (427ms)
				LogAssemblyErrors (0ms)
				InitializePlatformSupportModulesInManaged (7ms)
				SetLoadedEditorAssemblies (1ms)
				RefreshPlugins (1ms)
				BeforeProcessingInitializeOnLoad (145ms)
				ProcessInitializeOnLoadAttributes (246ms)
				ProcessInitializeOnLoadMethodAttributes (14ms)
				AfterProcessingInitializeOnLoad (14ms)
				EditorAssembliesLoaded (0ms)
			ExecutionOrderSort2 (0ms)
			AwakeInstancesAfterBackupRestoration (12ms)
Platform modules already initialized, skipping
Refreshing native plugins compatible for Editor in 0.73 ms, found 3 plugins.
Preloading 0 native plugins for Editor in 0.00 ms.
Unloading 2188 Unused Serialized files (Serialized files now loaded: 0)
System memory in use before: 95.3 MB.
System memory in use after: 95.5 MB.

Unloading 17 unused Assets to reduce memory usage. Loaded Objects now: 2634.
Total: 4.227600 ms (FindLiveObjects: 0.260900 ms CreateObjectMapping: 0.200400 ms MarkObjects: 3.709900 ms  DeleteObjects: 0.054800 ms)

AssetImportParameters requested are different than current active one (requested -> active):
  custom:framework-win-MediaFoundation: 216162199b28c13a410421893ffa2e32 -> 
  custom:video-decoder-ogg-theora: a1e56fd34408186e4bbccfd4996cb3dc -> 
  custom:container-muxer-webm: aa71ff27fc2769a1b78a27578f13a17b -> 
  custom:container-demuxer-webm: 4f35f7cbe854078d1ac9338744f61a02 -> 
  custom:container-demuxer-ogg: 62fdf1f143b41e24485cea50d1cbac27 -> 
  custom:video-encoder-webm-vp8: eb34c28f22e8b96e1ab97ce403110664 -> 
  custom:video-codec-MediaFoundation-h265: 746d11721c4dcdbdad8f713fa42b33f4 -> 
  custom:video-decoder-webm-vp8: 9c59270c3fd7afecdb556c50c9e8de78 -> 
  custom:audio-decoder-ogg-vorbis: bf7c407c2cedff20999df2af8eb42d56 -> 
  custom:audio-encoder-webm-vorbis: bf7c407c2cedff20999df2af8eb42d56 -> 
========================================================================
Received Import Request.
  Time since last request: 83.271345 seconds.
  path: Assets/Masteroids/Game/Scripts/PlayerMovement.cs
  artifactKey: Guid(56daa7b60eb4f9448bd5c3d3cc262b10) Importer(815301076,1909f56bfc062723c751e8b465ee728b)
Start importing Assets/Masteroids/Game/Scripts/PlayerMovement.cs using Guid(56daa7b60eb4f9448bd5c3d3cc262b10) Importer(815301076,1909f56bfc062723c751e8b465ee728b)  -> (artifact id: 'ab488a5a53f30f2a53f1759896bbb72a') in 0.070428 seconds 
  Import took 0.074380 seconds .

========================================================================
Received Import Request.
  Time since last request: 16.297351 seconds.
  path: Assets/Masteroids/Game/Scripts/SideAsteroidManager.cs
  artifactKey: Guid(7f2a95b34ed6eaa44b2e34bc5b7414bb) Importer(815301076,1909f56bfc062723c751e8b465ee728b)
Start importing Assets/Masteroids/Game/Scripts/SideAsteroidManager.cs using Guid(7f2a95b34ed6eaa44b2e34bc5b7414bb) Importer(815301076,1909f56bfc062723c751e8b465ee728b)  -> (artifact id: 'de5b81f4819c438a3376b52c9ad2fc85') in 0.012431 seconds 
  Import took 0.017453 seconds .

========================================================================
Received Prepare
Registering precompiled user dll's ...
Registered in 0.009170 seconds.
Begin MonoManager ReloadAssembly
Native extension for WindowsStandalone target not found
Refreshing native plugins compatible for Editor in 0.59 ms, found 3 plugins.
Preloading 0 native plugins for Editor in 0.00 ms.
Mono: successfully reloaded assembly
- Completed reload, in  1.457 seconds
Domain Reload Profiling:
	ReloadAssembly (1458ms)
		BeginReloadAssembly (147ms)
			ExecutionOrderSort (0ms)
			DisableScriptedObjects (8ms)
			BackupInstance (0ms)
			ReleaseScriptingObjects (0ms)
			CreateAndSetChildDomain (43ms)
		EndReloadAssembly (1221ms)
			LoadAssemblies (131ms)
			RebuildTransferFunctionScriptingTraits (0ms)
			SetupTypeCache (380ms)
			ReleaseScriptCaches (1ms)
			RebuildScriptCaches (112ms)
			SetupLoadedEditorAssemblies (429ms)
				LogAssemblyErrors (0ms)
				InitializePlatformSupportModulesInManaged (6ms)
				SetLoadedEditorAssemblies (1ms)
				RefreshPlugins (1ms)
				BeforeProcessingInitializeOnLoad (128ms)
				ProcessInitializeOnLoadAttributes (264ms)
				ProcessInitializeOnLoadMethodAttributes (14ms)
				AfterProcessingInitializeOnLoad (15ms)
				EditorAssembliesLoaded (0ms)
			ExecutionOrderSort2 (0ms)
			AwakeInstancesAfterBackupRestoration (12ms)
Platform modules already initialized, skipping
Refreshing native plugins compatible for Editor in 0.59 ms, found 3 plugins.
Preloading 0 native plugins for Editor in 0.00 ms.
Unloading 2187 Unused Serialized files (Serialized files now loaded: 0)
System memory in use before: 95.4 MB.
System memory in use after: 95.5 MB.

Unloading 18 unused Assets to reduce memory usage. Loaded Objects now: 2635.
Total: 3.913700 ms (FindLiveObjects: 0.210300 ms CreateObjectMapping: 0.085200 ms MarkObjects: 3.587000 ms  DeleteObjects: 0.030100 ms)

AssetImportParameters requested are different than current active one (requested -> active):
  custom:framework-win-MediaFoundation: 216162199b28c13a410421893ffa2e32 -> 
  custom:video-decoder-ogg-theora: a1e56fd34408186e4bbccfd4996cb3dc -> 
  custom:container-muxer-webm: aa71ff27fc2769a1b78a27578f13a17b -> 
  custom:container-demuxer-webm: 4f35f7cbe854078d1ac9338744f61a02 -> 
  custom:container-demuxer-ogg: 62fdf1f143b41e24485cea50d1cbac27 -> 
  custom:video-encoder-webm-vp8: eb34c28f22e8b96e1ab97ce403110664 -> 
  custom:video-codec-MediaFoundation-h265: 746d11721c4dcdbdad8f713fa42b33f4 -> 
  custom:video-decoder-webm-vp8: 9c59270c3fd7afecdb556c50c9e8de78 -> 
  custom:audio-decoder-ogg-vorbis: bf7c407c2cedff20999df2af8eb42d56 -> 
  custom:audio-encoder-webm-vorbis: bf7c407c2cedff20999df2af8eb42d56 -> 
========================================================================
Received Import Request.
  Time since last request: 122.589965 seconds.
  path: Assets/Masteroids/Game/Prefabs
  artifactKey: Guid(064774a8de1a98b408929742a1621dc8) Importer(815301076,1909f56bfc062723c751e8b465ee728b)
Start importing Assets/Masteroids/Game/Prefabs using Guid(064774a8de1a98b408929742a1621dc8) Importer(815301076,1909f56bfc062723c751e8b465ee728b)  -> (artifact id: '95cd376ac7fc7f7a005e23cc9428b5a9') in 0.014258 seconds 
  Import took 0.018556 seconds .

========================================================================
Received Import Request.
  Time since last request: 52.409169 seconds.
  path: Assets/Masteroids/Game/Prefabs/Asteroid.prefab
  artifactKey: Guid(de19f66698c414a42a94f13e5475f1d5) Importer(815301076,1909f56bfc062723c751e8b465ee728b)
Start importing Assets/Masteroids/Game/Prefabs/Asteroid.prefab using Guid(de19f66698c414a42a94f13e5475f1d5) Importer(815301076,1909f56bfc062723c751e8b465ee728b)  -> (artifact id: 'b0534f5cbafa0b38c18e762a358410f6') in 0.115441 seconds 
  Import took 0.119589 seconds .

========================================================================
Received Import Request.
  Time since last request: 18.127491 seconds.
  path: Assets/Masteroids/Game/Scripts/AsteroidManager.cs
  artifactKey: Guid(353f41d1704f87b4fb1ab3bf4438cf91) Importer(815301076,1909f56bfc062723c751e8b465ee728b)
Start importing Assets/Masteroids/Game/Scripts/AsteroidManager.cs using Guid(353f41d1704f87b4fb1ab3bf4438cf91) Importer(815301076,1909f56bfc062723c751e8b465ee728b)  -> (artifact id: '8ab17aebecbd50c579ef503eed1a9ffa') in 0.010738 seconds 
  Import took 0.014926 seconds .

========================================================================
Received Import Request.
  Time since last request: 2.174268 seconds.
  path: Assets/Masteroids/Game/Scripts/Asteroid.cs
  artifactKey: Guid(03e5a297d349550439a70441a7dae7ce) Importer(815301076,1909f56bfc062723c751e8b465ee728b)
Start importing Assets/Masteroids/Game/Scripts/Asteroid.cs using Guid(03e5a297d349550439a70441a7dae7ce) Importer(815301076,1909f56bfc062723c751e8b465ee728b)  -> (artifact id: '9de3489c0db7668ee6a950c499b2435d') in 0.005644 seconds 
  Import took 0.010164 seconds .

========================================================================
Received Import Request.
  Time since last request: 3.621329 seconds.
  path: Assets/Masteroids/Game/Scripts/GameManager.cs
  artifactKey: Guid(d8fedf5cf98aaae4baf6c3b82e4526f0) Importer(815301076,1909f56bfc062723c751e8b465ee728b)
Start importing Assets/Masteroids/Game/Scripts/GameManager.cs using Guid(d8fedf5cf98aaae4baf6c3b82e4526f0) Importer(815301076,1909f56bfc062723c751e8b465ee728b)  -> (artifact id: '65ae61f9359bce67acfeb43f72915a16') in 0.010715 seconds 
  Import took 0.015578 seconds .

========================================================================
Received Prepare
Registering precompiled user dll's ...
Registered in 0.017806 seconds.
Begin MonoManager ReloadAssembly
Native extension for WindowsStandalone target not found
Refreshing native plugins compatible for Editor in 0.73 ms, found 3 plugins.
Preloading 0 native plugins for Editor in 0.00 ms.
Mono: successfully reloaded assembly
- Completed reload, in  1.411 seconds
Domain Reload Profiling:
	ReloadAssembly (1411ms)
		BeginReloadAssembly (151ms)
			ExecutionOrderSort (0ms)
			DisableScriptedObjects (8ms)
			BackupInstance (0ms)
			ReleaseScriptingObjects (0ms)
			CreateAndSetChildDomain (46ms)
		EndReloadAssembly (1169ms)
			LoadAssemblies (133ms)
			RebuildTransferFunctionScriptingTraits (0ms)
			SetupTypeCache (388ms)
			ReleaseScriptCaches (1ms)
			RebuildScriptCaches (63ms)
			SetupLoadedEditorAssemblies (456ms)
				LogAssemblyErrors (0ms)
				InitializePlatformSupportModulesInManaged (7ms)
				SetLoadedEditorAssemblies (2ms)
				RefreshPlugins (1ms)
				BeforeProcessingInitializeOnLoad (137ms)
				ProcessInitializeOnLoadAttributes (278ms)
				ProcessInitializeOnLoadMethodAttributes (16ms)
				AfterProcessingInitializeOnLoad (15ms)
				EditorAssembliesLoaded (0ms)
			ExecutionOrderSort2 (0ms)
			AwakeInstancesAfterBackupRestoration (13ms)
Platform modules already initialized, skipping
Refreshing native plugins compatible for Editor in 0.69 ms, found 3 plugins.
Preloading 0 native plugins for Editor in 0.00 ms.
Unloading 2187 Unused Serialized files (Serialized files now loaded: 0)
System memory in use before: 98.4 MB.
System memory in use after: 98.5 MB.

Unloading 17 unused Assets to reduce memory usage. Loaded Objects now: 2644.
Total: 4.384500 ms (FindLiveObjects: 0.278900 ms CreateObjectMapping: 0.186300 ms MarkObjects: 3.894600 ms  DeleteObjects: 0.023600 ms)

AssetImportParameters requested are different than current active one (requested -> active):
  custom:framework-win-MediaFoundation: 216162199b28c13a410421893ffa2e32 -> 
  custom:video-decoder-ogg-theora: a1e56fd34408186e4bbccfd4996cb3dc -> 
  custom:container-muxer-webm: aa71ff27fc2769a1b78a27578f13a17b -> 
  custom:container-demuxer-webm: 4f35f7cbe854078d1ac9338744f61a02 -> 
  custom:container-demuxer-ogg: 62fdf1f143b41e24485cea50d1cbac27 -> 
  custom:video-encoder-webm-vp8: eb34c28f22e8b96e1ab97ce403110664 -> 
  custom:video-codec-MediaFoundation-h265: 746d11721c4dcdbdad8f713fa42b33f4 -> 
  custom:video-decoder-webm-vp8: 9c59270c3fd7afecdb556c50c9e8de78 -> 
  custom:audio-decoder-ogg-vorbis: bf7c407c2cedff20999df2af8eb42d56 -> 
  custom:audio-encoder-webm-vorbis: bf7c407c2cedff20999df2af8eb42d56 -> 
AssetImportWorkerClient::OnTransportError - code=2 error=End of file
